This is pdfTeX, Version 3.14159265-2.6-1.40.20 (TeX Live 2019/Debian) (preloaded format=pdflatex 2024.3.16)  9 OCT 2024 11:26
entering extended mode
 restricted \write18 enabled.
 file:line:error style messages enabled.
 %&-line parsing enabled.
**refman.tex
(./refman.tex
LaTeX2e <2020-02-02> patch level 2
L3 programming layer <2020-02-14> (/usr/share/texlive/texmf-dist/tex/latex/base/book.cls
Document Class: book 2019/12/20 v1.4l Standard LaTeX document class
(/usr/share/texlive/texmf-dist/tex/latex/base/bk10.clo
File: bk10.clo 2019/12/20 v1.4l Standard LaTeX file (size option)
)
\c@part=\count167
\c@chapter=\count168
\c@section=\count169
\c@subsection=\count170
\c@subsubsection=\count171
\c@paragraph=\count172
\c@subparagraph=\count173
\c@figure=\count174
\c@table=\count175
\abovecaptionskip=\skip47
\belowcaptionskip=\skip48
\bibindent=\dimen134
) (/usr/share/texlive/texmf-dist/tex/latex/base/ifthen.sty
Package: ifthen 2014/09/29 v1.1c Standard LaTeX ifthen package (DPC)
) (/usr/share/texlive/texmf-dist/tex/latex/tools/array.sty
Rollback for package 'array' requested -> date 2016-10-06.
         Best approximation is the release introduced on 2016-10-06.
 (/usr/share/texlive/texmf-dist/tex/latex/tools/array-2016-10-06.sty
Package: array 2016/10/06 v2.4d Tabular extension package (FMi)
\col@sep=\dimen135
\extrarowheight=\dimen136
\NC@list=\toks14
\extratabsurround=\skip49
\backup@length=\skip50
)) (/usr/share/texlive/texmf-dist/tex/generic/infwarerr/infwarerr.sty
package info suppressed
) (./doxygen.sty
Package: doxygen 
 (/usr/share/texlive/texmf-dist/tex/latex/base/alltt.sty
Package: alltt 1997/06/16 v2.0g defines alltt environment
) (/usr/share/texlive/texmf-dist/tex/latex/tools/calc.sty
Package: calc 2017/05/25 v4.3 Infix arithmetic (KKT,FJ)
\calc@Acount=\count176
\calc@Bcount=\count177
\calc@Adimen=\dimen137
\calc@Bdimen=\dimen138
\calc@Askip=\skip51
\calc@Bskip=\skip52
LaTeX Info: Redefining \setlength on input line 80.
LaTeX Info: Redefining \addtolength on input line 81.
\calc@Ccount=\count178
\calc@Cskip=\skip53
) (/usr/share/texlive/texmf-dist/tex/latex/float/float.sty
Package: float 2001/11/08 v1.3d Float enhancements (AL)
\c@float@type=\count179
\float@exts=\toks15
\float@box=\box45
\@float@everytoks=\toks16
\@floatcapt=\box46
) (/usr/share/texlive/texmf-dist/tex/latex/tools/verbatim.sty
Package: verbatim 2019/11/10 v1.5r LaTeX2e package for verbatim enhancements
\every@verbatim=\toks17
\verbatim@line=\toks18
\verbatim@in@stream=\read2
) (/usr/share/texlive/texmf-dist/tex/latex/xcolor/xcolor.sty
Package: xcolor 2016/05/11 v2.12 LaTeX color extensions (UK)
 (/usr/share/texlive/texmf-dist/tex/latex/graphics-cfg/color.cfg
File: color.cfg 2016/01/02 v1.6 sample color configuration
)
Package xcolor Info: Driver file: pdftex.def on input line 225.
 (/usr/share/texlive/texmf-dist/tex/latex/graphics-def/pdftex.def
File: pdftex.def 2018/01/08 v1.0l Graphics/color driver for pdftex
) (/usr/share/texlive/texmf-dist/tex/latex/colortbl/colortbl.sty
Package: colortbl 2020/01/04 v1.0e Color table columns (DPC)
\everycr=\toks19
\minrowclearance=\skip54
)
\rownum=\count180
Package xcolor Info: Model `cmy' substituted by `cmy0' on input line 1348.
Package xcolor Info: Model `hsb' substituted by `rgb' on input line 1352.
Package xcolor Info: Model `RGB' extended on input line 1364.
Package xcolor Info: Model `HTML' substituted by `rgb' on input line 1366.
Package xcolor Info: Model `Hsb' substituted by `hsb' on input line 1367.
Package xcolor Info: Model `tHsb' substituted by `hsb' on input line 1368.
Package xcolor Info: Model `HSB' substituted by `hsb' on input line 1369.
Package xcolor Info: Model `Gray' substituted by `gray' on input line 1370.
Package xcolor Info: Model `wave' substituted by `hsb' on input line 1371.
) (./longtable_doxygen.sty
Package: longtable_doxygen 2014/10/28 v4.11 Multi-page Table package (DPC) - frozen version for doxygen
\LTleft=\skip55
\LTright=\skip56
\LTpre=\skip57
\LTpost=\skip58
\LTchunksize=\count181
\LTcapwidth=\dimen139
\LT@head=\box47
\LT@firsthead=\box48
\LT@foot=\box49
\LT@lastfoot=\box50
\LT@cols=\count182
\LT@rows=\count183
\c@LT@tables=\count184
\c@LT@chunks=\count185
\LT@p@ftn=\toks20
) (./tabu_doxygen.sty
Package: tabu_doxygen 2011/02/26 v2.8 - flexible LaTeX tabulars (FC), frozen version for doxygen
 (/usr/share/texlive/texmf-dist/tex/latex/varwidth/varwidth.sty
Package: varwidth 2009/03/30 ver 0.92;  Variable-width minipages
\@vwid@box=\box51
\sift@deathcycles=\count186
\@vwid@loff=\dimen140
\@vwid@roff=\dimen141
)
\c@taburow=\count187
\tabu@nbcols=\count188
\tabu@cnt=\count189
\tabu@Xcol=\count190
\tabu@alloc=\count191
\tabu@nested=\count192
\tabu@target=\dimen142
\tabu@spreadtarget=\dimen143
\tabu@naturalX=\dimen144
\tabucolX=\dimen145
\tabu@Xsum=\dimen146
\extrarowdepth=\dimen147
\abovetabulinesep=\dimen148
\belowtabulinesep=\dimen149
\tabustrutrule=\dimen150
\tabu@thebody=\toks21
\tabu@footnotes=\toks22
\tabu@box=\box52
\tabu@arstrutbox=\box53
\tabu@hleads=\box54
\tabu@vleads=\box55
\tabu@cellskip=\skip59
) (/usr/share/texlive/texmf-dist/tex/latex/fancyvrb/fancyvrb.sty
Package: fancyvrb 2020/01/13 v3.5 verbatim text (tvz,hv)
 (/usr/share/texlive/texmf-dist/tex/latex/graphics/keyval.sty
Package: keyval 2014/10/28 v1.15 key=value parser (DPC)
\KV@toks@=\toks23
)
\FV@CodeLineNo=\count193
\FV@InFile=\read3
\FV@TabBox=\box56
\c@FancyVerbLine=\count194
\FV@StepNumber=\count195
\FV@OutFile=\write3
) (/usr/share/texlive/texmf-dist/tex/latex/tools/tabularx.sty
Package: tabularx 2020/01/15 v2.11c `tabularx' package (DPC)
\TX@col@width=\dimen151
\TX@old@table=\dimen152
\TX@old@col=\dimen153
\TX@target=\dimen154
\TX@delta=\dimen155
\TX@cols=\count196
\TX@ftn=\toks24
) (/usr/share/texlive/texmf-dist/tex/latex/tools/multicol.sty
Package: multicol 2019/12/09 v1.8y multicolumn formatting (FMi)
\c@tracingmulticols=\count197
\mult@box=\box57
\multicol@leftmargin=\dimen156
\c@unbalance=\count198
\c@collectmore=\count199
\doublecol@number=\count266
\multicoltolerance=\count267
\multicolpretolerance=\count268
\full@width=\dimen157
\page@free=\dimen158
\premulticols=\dimen159
\postmulticols=\dimen160
\multicolsep=\skip60
\multicolbaselineskip=\skip61
\partial@page=\box58
\last@line=\box59
\maxbalancingoverflow=\dimen161
\mult@rightbox=\box60
\mult@grightbox=\box61
\mult@gfirstbox=\box62
\mult@firstbox=\box63
\@tempa=\box64
\@tempa=\box65
\@tempa=\box66
\@tempa=\box67
\@tempa=\box68
\@tempa=\box69
\@tempa=\box70
\@tempa=\box71
\@tempa=\box72
\@tempa=\box73
\@tempa=\box74
\@tempa=\box75
\@tempa=\box76
\@tempa=\box77
\@tempa=\box78
\@tempa=\box79
\@tempa=\box80
\@tempa=\box81
\@tempa=\box82
\@tempa=\box83
\@tempa=\box84
\@tempa=\box85
\@tempa=\box86
\@tempa=\box87
\@tempa=\box88
\@tempa=\box89
\@tempa=\box90
\@tempa=\box91
\@tempa=\box92
\@tempa=\box93
\@tempa=\box94
\@tempa=\box95
\@tempa=\box96
\@tempa=\box97
\@tempa=\box98
\@tempa=\box99
\@tempa=\box100
\c@minrows=\count269
\c@columnbadness=\count270
\c@finalcolumnbadness=\count271
\last@try=\dimen162
\multicolovershoot=\dimen163
\multicolundershoot=\dimen164
\mult@nat@firstbox=\box101
\colbreak@box=\box102
\mc@col@check@num=\count272
) (/usr/share/texlive/texmf-dist/tex/latex/multirow/multirow.sty
Package: multirow 2019/05/31 v2.5 Span multiple rows of a table
\multirow@colwidth=\skip62
\multirow@cntb=\count273
\multirow@dima=\skip63
\bigstrutjot=\dimen165
) (/usr/share/texlive/texmf-dist/tex/latex/hanging/hanging.sty
Package: hanging 2009/09/02 v1.2b hanging paragraphs and punctuation
\h@ngcommawd=\skip64
\h@ngfstopwd=\skip65
\h@ngquotewd=\skip66
\h@ngdquotewd=\skip67
\h@ngquerywd=\skip68
\h@ngexclwd=\skip69
\h@ngcolonwd=\skip70
\h@ngscolonwd=\skip71
) (/usr/share/texlive/texmf-dist/tex/generic/iftex/ifpdf.sty
Package: ifpdf 2019/10/25 v3.4 ifpdf legacy package. Use iftex instead.
 (/usr/share/texlive/texmf-dist/tex/generic/iftex/iftex.sty
Package: iftex 2019/11/07 v1.0c TeX engine tests
)) (/usr/share/texlive/texmf-dist/tex/latex/adjustbox/adjustbox.sty
Package: adjustbox 2019/01/04 v1.2 Adjusting TeX boxes (trim, clip, ...)
 (/usr/share/texlive/texmf-dist/tex/latex/xkeyval/xkeyval.sty
Package: xkeyval 2014/12/03 v2.7a package option processing (HA)
 (/usr/share/texlive/texmf-dist/tex/generic/xkeyval/xkeyval.tex (/usr/share/texlive/texmf-dist/tex/generic/xkeyval/xkvutils.tex
\XKV@toks=\toks25
\XKV@tempa@toks=\toks26
)
\XKV@depth=\count274
File: xkeyval.tex 2014/12/03 v2.7a key=value parser (HA)
)) (/usr/share/texlive/texmf-dist/tex/latex/adjustbox/adjcalc.sty
Package: adjcalc 2012/05/16 v1.1 Provides advanced setlength with multiple back-ends (calc, etex, pgfmath)
) (/usr/share/texlive/texmf-dist/tex/latex/adjustbox/trimclip.sty
Package: trimclip 2018/04/08 v1.1 Trim and clip general TeX material
 (/usr/share/texlive/texmf-dist/tex/latex/graphics/graphicx.sty
Package: graphicx 2019/11/30 v1.2a Enhanced LaTeX Graphics (DPC,SPQR)
 (/usr/share/texlive/texmf-dist/tex/latex/graphics/graphics.sty
Package: graphics 2019/11/30 v1.4a Standard LaTeX Graphics (DPC,SPQR)
 (/usr/share/texlive/texmf-dist/tex/latex/graphics/trig.sty
Package: trig 2016/01/03 v1.10 sin cos tan (DPC)
)
(/usr/share/texlive/texmf-dist/tex/latex/graphics-cfg/graphics.cfg
File: graphics.cfg 2016/06/04 v1.11 sample graphics configuration
)
Package graphics Info: Driver file: pdftex.def on input line 105.
)
\Gin@req@height=\dimen166
\Gin@req@width=\dimen167
) (/usr/share/texlive/texmf-dist/tex/latex/collectbox/collectbox.sty
Package: collectbox 2012/05/17 v0.4b Collect macro arguments as boxes
\collectedbox=\box103
)
\tc@llx=\dimen168
\tc@lly=\dimen169
\tc@urx=\dimen170
\tc@ury=\dimen171
Package trimclip Info: Using driver 'tc-pdftex.def'.
 (/usr/share/texlive/texmf-dist/tex/latex/adjustbox/tc-pdftex.def
File: tc-pdftex.def 2019/01/04 v2.2 Clipping driver for pdftex
))
\adjbox@Width=\dimen172
\adjbox@Height=\dimen173
\adjbox@Depth=\dimen174
\adjbox@Totalheight=\dimen175
\adjbox@pwidth=\dimen176
\adjbox@pheight=\dimen177
\adjbox@pdepth=\dimen178
\adjbox@ptotalheight=\dimen179
 (/usr/share/texlive/texmf-dist/tex/latex/ifoddpage/ifoddpage.sty
Package: ifoddpage 2016/04/23 v1.1 Conditionals for odd/even page detection
\c@checkoddpage=\count275
)) (/usr/share/texlive/texmf-dist/tex/latex/amsfonts/amssymb.sty
Package: amssymb 2013/01/14 v3.01 AMS font symbols
 (/usr/share/texlive/texmf-dist/tex/latex/amsfonts/amsfonts.sty
Package: amsfonts 2013/01/14 v3.01 Basic AMSFonts support
\@emptytoks=\toks27
\symAMSa=\mathgroup4
\symAMSb=\mathgroup5
LaTeX Font Info:    Redeclaring math symbol \hbar on input line 98.
LaTeX Font Info:    Overwriting math alphabet `\mathfrak' in version `bold'
(Font)                  U/euf/m/n --> U/euf/b/n on input line 106.
)) (/usr/share/texlive/texmf-dist/tex/latex/stackengine/stackengine.sty
Package: stackengine 2017/02/13 v4.01\ Stacking text and objects in convenient ways
 (/usr/share/texlive/texmf-dist/tex/latex/etoolbox/etoolbox.sty
Package: etoolbox 2019/09/21 v2.5h e-TeX tools for LaTeX (JAW)
\etb@tempcnta=\count276
) (/usr/share/texlive/texmf-dist/tex/generic/listofitems/listofitems.sty (/usr/share/texlive/texmf-dist/tex/generic/listofitems/listofitems.tex
\loi_cnt_foreach_nest=\count277
\loi_nestcnt=\count278
)
Package: listofitems 2019/08/21 v1.63 Grab items in lists using user-specified sep char (CT)
)
\c@@stackindex=\count279
\@boxshift=\skip72
\stack@tmplength=\skip73
\temp@stkl=\skip74
\@stackedboxwidth=\skip75
\@addedbox=\box104
\@anchorbox=\box105
\stackedbox=\box106
\@centerbox=\box107
\c@ROWcellindex@=\count280
) (/usr/share/texlive/texmf-dist/tex/latex/enumitem/enumitem.sty
Package: enumitem 2019/06/20 v3.9 Customized lists
\labelindent=\skip76
\enit@outerparindent=\dimen180
\enit@toks=\toks28
\enit@inbox=\box108
\enit@count@id=\count281
\enitdp@description=\count282
) (/usr/share/texlive/texmf-dist/tex/generic/alphalph/alphalph.sty
Package: alphalph 2019/12/09 v2.6 Convert numbers to letters (HO)
 (/usr/share/texlive/texmf-dist/tex/generic/intcalc/intcalc.sty
Package: intcalc 2019/12/15 v1.3 Expandable calculations with integers (HO)
)) (/usr/share/texlive/texmf-dist/tex/generic/ulem/ulem.sty
\UL@box=\box109
\UL@hyphenbox=\box110
\UL@skip=\skip77
\UL@hook=\toks29
\UL@height=\dimen181
\UL@pe=\count283
\UL@pixel=\dimen182
\ULC@box=\box111
Package: ulem 2019/11/18
\ULdepth=\dimen183
)
\xrefbox=\box112
\xreflength=\skip78
\CodeWidthChar=\skip79
\CodeHeightChar=\skip80
\DoxyCodeWidth=\skip81
\c@DoxyEnumeratei=\count284
\c@DoxyEnumerateii=\count285
\c@DoxyEnumerateiii=\count286
\c@DoxyEnumerateiv=\count287
\c@DoxyEnumeratev=\count288
\c@DoxyEnumeratevi=\count289
\c@DoxyEnumeratevii=\count290
\c@DoxyEnumerateviii=\count291
\c@DoxyEnumerateix=\count292
\c@DoxyEnumeratex=\count293
\c@DoxyEnumeratexi=\count294
\c@DoxyEnumeratexii=\count295
\enitdp@DoxyEnumerate=\count296
\enitdp@DoxyItemize=\count297
\c@subsubsubsection=\count298
\c@subsubsubsubsection=\count299
\c@subsubsubsubsubsection=\count300
\c@subsubsubsubsubsubsection=\count301
) (/usr/share/texlive/texmf-dist/tex/latex/base/inputenc.sty
Package: inputenc 2018/08/11 v1.3c Input encoding file
\inpenc@prehook=\toks30
\inpenc@posthook=\toks31
) (/usr/share/texlive/texmf-dist/tex/latex/base/makeidx.sty
Package: makeidx 2014/09/29 v1.0m Standard LaTeX package
) (/usr/share/texlive/texmf-dist/tex/latex/base/textcomp.sty
Package: textcomp 2020/02/02 v2.0n Standard LaTeX package
) (/usr/share/texlive/texmf-dist/tex/latex/wasysym/wasysym.sty
Package: wasysym 2020/01/19 v2.4 Wasy-2 symbol support package
\symwasy=\mathgroup6
LaTeX Font Info:    Overwriting symbol font `wasy' in version `bold'
(Font)                  U/wasy/m/n --> U/wasy/b/n on input line 93.
) (/usr/share/texlive/texmf-dist/tex/generic/iftex/ifxetex.sty
Package: ifxetex 2019/10/25 v0.7 ifxetex legacy package. Use iftex instead.
) (/usr/share/texlive/texmf-dist/tex/latex/base/fontenc.sty
Package: fontenc 2020/02/11 v2.0o Standard LaTeX package
) (/usr/share/texlive/texmf-dist/tex/latex/psnfss/helvet.sty
Package: helvet 2005/04/12 PSNFSS-v9.2a (WaS) 
) (/usr/share/texlive/texmf-dist/tex/latex/psnfss/courier.sty
Package: courier 2005/04/12 PSNFSS-v9.2a (WaS) 
) (/usr/share/texlive/texmf-dist/tex/latex/geometry/geometry.sty
Package: geometry 2020/01/02 v5.9 Page Geometry
 (/usr/share/texlive/texmf-dist/tex/generic/iftex/ifvtex.sty
Package: ifvtex 2019/10/25 v1.7 ifvtex legacy package. Use iftex instead.
)
\Gm@cnth=\count302
\Gm@cntv=\count303
\c@Gm@tempcnt=\count304
\Gm@bindingoffset=\dimen184
\Gm@wd@mp=\dimen185
\Gm@odd@mp=\dimen186
\Gm@even@mp=\dimen187
\Gm@layoutwidth=\dimen188
\Gm@layoutheight=\dimen189
\Gm@layouthoffset=\dimen190
\Gm@layoutvoffset=\dimen191
\Gm@dimlist=\toks32
) (/usr/share/texlive/texmf-dist/tex/latex/changepage/changepage.sty
Package: changepage 2009/10/20 v1.0c check page and change page layout
\c@cp@cntr=\count305
\cp@tempcnt=\count306
LaTeX Info: Redefining \checkoddpage on input line 59.
) (/usr/share/texlive/texmf-dist/tex/latex/fancyhdr/fancyhdr.sty
Package: fancyhdr 2019/01/31 v3.10 Extensive control of page headers and footers
\f@nch@headwidth=\skip82
\f@nch@O@elh=\skip83
\f@nch@O@erh=\skip84
\f@nch@O@olh=\skip85
\f@nch@O@orh=\skip86
\f@nch@O@elf=\skip87
\f@nch@O@erf=\skip88
\f@nch@O@olf=\skip89
\f@nch@O@orf=\skip90
) (/usr/share/texlive/texmf-dist/tex/latex/natbib/natbib.sty
Package: natbib 2010/09/13 8.31b (PWD, AO)
\bibhang=\skip91
\bibsep=\skip92
LaTeX Info: Redefining \cite on input line 694.
\c@NAT@ctr=\count307
) (/usr/share/texlive/texmf-dist/tex/latex/tocloft/tocloft.sty
Package: tocloft 2017/08/31 v2.3i parameterised ToC, etc., typesetting
Package tocloft Info: The document has chapter divisions on input line 51.
\cftparskip=\skip93
\cftbeforetoctitleskip=\skip94
\cftaftertoctitleskip=\skip95
\cftbeforepartskip=\skip96
\cftpartnumwidth=\skip97
\cftpartindent=\skip98
\cftbeforechapskip=\skip99
\cftchapindent=\skip100
\cftchapnumwidth=\skip101
\cftbeforesecskip=\skip102
\cftsecindent=\skip103
\cftsecnumwidth=\skip104
\cftbeforesubsecskip=\skip105
\cftsubsecindent=\skip106
\cftsubsecnumwidth=\skip107
\cftbeforesubsubsecskip=\skip108
\cftsubsubsecindent=\skip109
\cftsubsubsecnumwidth=\skip110
\cftbeforeparaskip=\skip111
\cftparaindent=\skip112
\cftparanumwidth=\skip113
\cftbeforesubparaskip=\skip114
\cftsubparaindent=\skip115
\cftsubparanumwidth=\skip116
\cftbeforeloftitleskip=\skip117
\cftafterloftitleskip=\skip118
\cftbeforefigskip=\skip119
\cftfigindent=\skip120
\cftfignumwidth=\skip121
\c@lofdepth=\count308
\c@lotdepth=\count309
\cftbeforelottitleskip=\skip122
\cftafterlottitleskip=\skip123
\cftbeforetabskip=\skip124
\cfttabindent=\skip125
\cfttabnumwidth=\skip126
)
\@indexfile=\write4
\openout4 = `refman.idx'.


Writing index file refman.idx
(/usr/share/texlive/texmf-dist/tex/latex/newunicodechar/newunicodechar.sty
Package: newunicodechar 2018/04/08 v1.2 Defining Unicode characters
) (/usr/share/texlive/texmf-dist/tex/latex/hyperref/hyperref.sty
Package: hyperref 2020/01/14 v7.00d Hypertext links for LaTeX
 (/usr/share/texlive/texmf-dist/tex/generic/ltxcmds/ltxcmds.sty
Package: ltxcmds 2019/12/15 v1.24 LaTeX kernel commands for general use (HO)
) (/usr/share/texlive/texmf-dist/tex/latex/pdftexcmds/pdftexcmds.sty
Package: pdftexcmds 2019/11/24 v0.31 Utility functions of pdfTeX for LuaTeX (HO)
Package pdftexcmds Info: \pdf@primitive is available.
Package pdftexcmds Info: \pdf@ifprimitive is available.
Package pdftexcmds Info: \pdfdraftmode found.
) (/usr/share/texlive/texmf-dist/tex/generic/kvsetkeys/kvsetkeys.sty
Package: kvsetkeys 2019/12/15 v1.18 Key value parser (HO)
) (/usr/share/texlive/texmf-dist/tex/generic/kvdefinekeys/kvdefinekeys.sty
Package: kvdefinekeys 2019-12-19 v1.6 Define keys (HO)
) (/usr/share/texlive/texmf-dist/tex/generic/pdfescape/pdfescape.sty
Package: pdfescape 2019/12/09 v1.15 Implements pdfTeX's escape features (HO)
) (/usr/share/texlive/texmf-dist/tex/latex/hycolor/hycolor.sty
Package: hycolor 2020-01-27 v1.10 Color options for hyperref/bookmark (HO)
) (/usr/share/texlive/texmf-dist/tex/latex/letltxmacro/letltxmacro.sty
Package: letltxmacro 2019/12/03 v1.6 Let assignment for LaTeX macros (HO)
) (/usr/share/texlive/texmf-dist/tex/latex/auxhook/auxhook.sty
Package: auxhook 2019-12-17 v1.6 Hooks for auxiliary files (HO)
) (/usr/share/texlive/texmf-dist/tex/latex/kvoptions/kvoptions.sty
Package: kvoptions 2019/11/29 v3.13 Key value format for package options (HO)
)
\@linkdim=\dimen192
\Hy@linkcounter=\count310
\Hy@pagecounter=\count311
 (/usr/share/texlive/texmf-dist/tex/latex/hyperref/pd1enc.def
File: pd1enc.def 2020/01/14 v7.00d Hyperref: PDFDocEncoding definition (HO)
Now handling font encoding PD1 ...
... no UTF-8 mapping file for font encoding PD1
) (/usr/share/texlive/texmf-dist/tex/generic/etexcmds/etexcmds.sty
Package: etexcmds 2019/12/15 v1.7 Avoid name clashes with e-TeX commands (HO)
)
\Hy@SavedSpaceFactor=\count312
\pdfmajorversion=\count313
Package hyperref Info: Hyper figures OFF on input line 4547.
Package hyperref Info: Link nesting OFF on input line 4552.
Package hyperref Info: Hyper index ON on input line 4555.
Package hyperref Info: Plain pages OFF on input line 4562.
Package hyperref Info: Backreferencing ON on input line 4565.
Package hyperref Info: Implicit mode ON; LaTeX internals redefined.
Package hyperref Info: Bookmarks ON on input line 4800.
 (/usr/share/texlive/texmf-dist/tex/latex/hyperref/backref.sty
Package: backref 2020/01/14 v1.40 Bibliographical back referencing
 (/usr/share/texlive/texmf-dist/tex/latex/rerunfilecheck/rerunfilecheck.sty
Package: rerunfilecheck 2019/12/05 v1.9 Rerun checks for auxiliary files (HO)
 (/usr/share/texlive/texmf-dist/tex/latex/atveryend/atveryend.sty
Package: atveryend 2019-12-11 v1.11 Hooks at the very end of document (HO)
) (/usr/share/texlive/texmf-dist/tex/generic/uniquecounter/uniquecounter.sty
Package: uniquecounter 2019/12/15 v1.4 Provide unlimited unique counter (HO)
 (/usr/share/texlive/texmf-dist/tex/generic/bigintcalc/bigintcalc.sty
Package: bigintcalc 2019/12/15 v1.5 Expandable calculations on big integers (HO)
))
Package uniquecounter Info: New unique counter `rerunfilecheck' on input line 286.
))
\c@Hy@tempcnt=\count314
 (/usr/share/texlive/texmf-dist/tex/latex/url/url.sty
\Urlmuskip=\muskip16
Package: url 2013/09/16  ver 3.4  Verb mode for urls, etc.
)
LaTeX Info: Redefining \url on input line 5159.
\XeTeXLinkMargin=\dimen193
 (/usr/share/texlive/texmf-dist/tex/generic/bitset/bitset.sty
Package: bitset 2019/12/09 v1.3 Handle bit-vector datatype (HO)
)
\Fld@menulength=\count315
\Field@Width=\dimen194
\Fld@charsize=\dimen195
Package hyperref Info: Hyper figures OFF on input line 6430.
Package hyperref Info: Link nesting OFF on input line 6435.
Package hyperref Info: Hyper index ON on input line 6438.
Package hyperref Info: backreferencing ON on input line 6443.
Package hyperref Info: Link coloring OFF on input line 6450.
Package hyperref Info: Link coloring with OCG OFF on input line 6455.
Package hyperref Info: PDF/A mode OFF on input line 6460.
LaTeX Info: Redefining \ref on input line 6500.
LaTeX Info: Redefining \pageref on input line 6504.
 (/usr/share/texlive/texmf-dist/tex/generic/atbegshi/atbegshi.sty
Package: atbegshi 2019/12/05 v1.19 At begin shipout hook (HO)
)
\Hy@abspage=\count316
\c@Item=\count317
\c@Hfootnote=\count318


LaTeX Warning: Command \LT@p@ftntext  has changed.
               Check if current package is valid.

)
Package hyperref Info: Driver: hpdftex.
 (/usr/share/texlive/texmf-dist/tex/latex/hyperref/hpdftex.def
File: hpdftex.def 2020/01/14 v7.00d Hyperref driver for pdfTeX
\Fld@listcount=\count319
\c@bookmark@seq@number=\count320
\Hy@SectionHShift=\skip127
)
Package hyperref Info: Option `colorlinks' set `true' on input line 161.
Package hyperref Info: Option `unicode' set `true' on input line 161.
 (/usr/share/texlive/texmf-dist/tex/latex/hyperref/puenc.def
File: puenc.def 2020/01/14 v7.00d Hyperref: PDF Unicode definition (HO)
Now handling font encoding PU ...
... no UTF-8 mapping file for font encoding PU
) (/usr/share/texlive/texmf-dist/tex/latex/caption/caption.sty
Package: caption 2020/01/03 v3.4h Customizing captions (AR)
 (/usr/share/texlive/texmf-dist/tex/latex/caption/caption3.sty
Package: caption3 2020/01/03 v1.8h caption3 kernel (AR)
Package caption3 Info: TeX engine: e-TeX on input line 61.
\captionmargin=\dimen196
\captionmargin@=\dimen197
\captionwidth=\dimen198
\caption@tempdima=\dimen199
\caption@indent=\dimen256
\caption@parindent=\dimen257
\caption@hangindent=\dimen258
Package caption Info: Standard document class detected.
)
\c@caption@flags=\count321
\c@continuedfloat=\count322
Package caption Info: float package is loaded.
Package caption Info: hyperref package is loaded.
Package caption Info: longtable package is loaded.
 (/usr/share/texlive/texmf-dist/tex/latex/caption/ltcaption.sty
Package: ltcaption 2018/08/26 v1.4a longtable captions (AR)
)) (./etoc_doxygen.sty
Package: etoc_doxygen 2023/07/01 v1.2b Completely customisable TOCs (JFB)
Package etoc Info: Old LaTeX (2020-02-02) detected!
(etoc)             Since 1.1a (2023/01/14), etoc prefers LaTeX at least
(etoc)             as recent as 2020-10-01, for reasons of the .toc file,
(etoc)             and used to require it (from 1.1a to 1.2).
(etoc)             This etoc (1.2b) does not *require* it, but has not been
(etoc)             tested thoroughly on old LaTeX (especially if document
(etoc)             does not use hyperref) and retrofitting was done only
(etoc)             on basis of author partial remembrances of old context.
(etoc)             Reported on input line 46.
\Etoc@toctoks=\toks33
\c@etoc@tocid=\count323
\etoc@framed@titlebox=\box113
\etoc@framed@contentsbox=\box114
) (/usr/share/texlive/texmf-dist/tex/latex/l3backend/l3backend-pdfmode.def
File: l3backend-pdfmode.def 2020-02-03 L3 backend support: PDF mode
\l__kernel_color_stack_int=\count324
\l__pdf_internal_box=\box115
) (./refman.aux)
\openout1 = `refman.aux'.

LaTeX Font Info:    Checking defaults for OML/cmm/m/it on input line 183.
LaTeX Font Info:    ... okay on input line 183.
LaTeX Font Info:    Checking defaults for OMS/cmsy/m/n on input line 183.
LaTeX Font Info:    ... okay on input line 183.
LaTeX Font Info:    Checking defaults for OT1/cmr/m/n on input line 183.
LaTeX Font Info:    ... okay on input line 183.
LaTeX Font Info:    Checking defaults for T1/cmr/m/n on input line 183.
LaTeX Font Info:    ... okay on input line 183.
LaTeX Font Info:    Checking defaults for TS1/cmr/m/n on input line 183.
LaTeX Font Info:    ... okay on input line 183.
LaTeX Font Info:    Checking defaults for OMX/cmex/m/n on input line 183.
LaTeX Font Info:    ... okay on input line 183.
LaTeX Font Info:    Checking defaults for U/cmr/m/n on input line 183.
LaTeX Font Info:    ... okay on input line 183.
LaTeX Font Info:    Checking defaults for PD1/pdf/m/n on input line 183.
LaTeX Font Info:    ... okay on input line 183.
LaTeX Font Info:    Checking defaults for PU/pdf/m/n on input line 183.
LaTeX Font Info:    ... okay on input line 183.
LaTeX Font Info:    Trying to load font information for T1+phv on input line 183.
 (/usr/share/texlive/texmf-dist/tex/latex/psnfss/t1phv.fd
File: t1phv.fd 2001/06/04 scalable font definitions for T1/phv.
)
LaTeX Font Info:    Font shape `T1/phv/m/n' will be
(Font)              scaled to size 8.99994pt on input line 183.
 (/usr/share/texlive/texmf-dist/tex/context/base/mkii/supp-pdf.mkii
[Loading MPS to PDF converter (version 2006.09.02).]
\scratchcounter=\count325
\scratchdimen=\dimen259
\scratchbox=\box116
\nofMPsegments=\count326
\nofMParguments=\count327
\everyMPshowfont=\toks34
\MPscratchCnt=\count328
\MPscratchDim=\dimen260
\MPnumerator=\count329
\makeMPintoPDFobject=\count330
\everyMPtoPDFconversion=\toks35
) (/usr/share/texlive/texmf-dist/tex/latex/epstopdf-pkg/epstopdf-base.sty
Package: epstopdf-base 2020-01-24 v2.11 Base part for package epstopdf
Package epstopdf-base Info: Redefining graphics rule for `.eps' on input line 485.
 (/usr/share/texlive/texmf-dist/tex/latex/latexconfig/epstopdf-sys.cfg
File: epstopdf-sys.cfg 2010/07/13 v1.3 Configuration of (r)epstopdf for TeX Live
))
*geometry* driver: auto-detecting
*geometry* detected driver: pdftex
*geometry* verbose mode - [ preamble ] result:
* driver: pdftex
* paper: a4paper
* layout: <same size as paper>
* layoutoffset:(h,v)=(0.0pt,0.0pt)
* modes: twoside 
* h-part:(L,W,R)=(71.13188pt, 455.24411pt, 71.13188pt)
* v-part:(T,H,B)=(71.13188pt, 702.78308pt, 71.13188pt)
* \paperwidth=597.50787pt
* \paperheight=845.04684pt
* \textwidth=455.24411pt
* \textheight=702.78308pt
* \oddsidemargin=-1.1381pt
* \evensidemargin=-1.1381pt
* \topmargin=-31.2056pt
* \headheight=12.0pt
* \headsep=18.06749pt
* \topskip=10.0pt
* \footskip=25.29494pt
* \marginparwidth=125.0pt
* \marginparsep=7.0pt
* \columnsep=10.0pt
* \skip\footins=9.0pt plus 4.0pt minus 2.0pt
* \hoffset=0.0pt
* \voffset=0.0pt
* \mag=1000
* \@twocolumnfalse
* \@twosidetrue
* \@mparswitchtrue
* \@reversemarginfalse
* (1in=72.27pt=25.4mm, 1cm=28.453pt)

Package backref Info: ** backref set up for natbib ** on input line 183.
\AtBeginShipoutBox=\box117
Package hyperref Info: Link coloring ON on input line 183.
(/usr/share/texlive/texmf-dist/tex/latex/hyperref/nameref.sty
Package: nameref 2019/09/16 v2.46 Cross-referencing by name of section
 (/usr/share/texlive/texmf-dist/tex/latex/refcount/refcount.sty
Package: refcount 2019/12/15 v3.6 Data extraction from label references (HO)
) (/usr/share/texlive/texmf-dist/tex/generic/gettitlestring/gettitlestring.sty
Package: gettitlestring 2019/12/15 v1.6 Cleanup title references (HO)
)
\c@section@level=\count331
)
LaTeX Info: Redefining \ref on input line 183.
LaTeX Info: Redefining \pageref on input line 183.
LaTeX Info: Redefining \nameref on input line 183.
 (./refman.out) (./refman.out)
\@outlinefile=\write5
\openout5 = `refman.out'.

Package caption Info: Begin \AtBeginDocument code.
Package caption Info: End \AtBeginDocument code.
\Etoc@tf=\read4
Package hyperref Info: Option `pageanchor' set `false' on input line 191.
Package hyperref Info: Option `bookmarksnumbered' set `true' on input line 191.
Package hyperref Info: Option `unicode' set `true' on input line 191.
LaTeX Font Info:    Font shape `T1/phv/m/n' will be
(Font)              scaled to size 12.9599pt on input line 196.
LaTeX Font Info:    Font shape `T1/phv/m/n' will be
(Font)              scaled to size 6.29996pt on input line 196.
LaTeX Font Info:    Trying to load font information for U+msa on input line 196.
 (/usr/share/texlive/texmf-dist/tex/latex/amsfonts/umsa.fd
File: umsa.fd 2013/01/14 v3.01 AMS symbols A
)
LaTeX Font Info:    Trying to load font information for U+msb on input line 196.
 (/usr/share/texlive/texmf-dist/tex/latex/amsfonts/umsb.fd
File: umsb.fd 2013/01/14 v3.01 AMS symbols B
)
LaTeX Font Info:    Trying to load font information for U+wasy on input line 196.
 (/usr/share/texlive/texmf-dist/tex/latex/wasysym/uwasy.fd
File: uwasy.fd 2020/01/19 v2.4 Wasy-2 symbol font definitions
)
LaTeX Font Info:    Font shape `T1/phv/m/n' will be
(Font)              scaled to size 10.79993pt on input line 197.
 [1


{/var/lib/texmf/fonts/map/pdftex/updmap/pdftex.map}] [2

]
\tf@toc=\write6
\openout6 = `refman.toc'.

LaTeX Font Info:    Font shape `T1/phv/b/n' will be
(Font)              scaled to size 8.99994pt on input line 205.
LaTeX Font Info:    Font shape `T1/phv/b/n' will be
(Font)              scaled to size 6.29996pt on input line 205.
LaTeX Font Info:    Trying to load font information for TS1+phv on input line 205.
 (/usr/share/texlive/texmf-dist/tex/latex/psnfss/ts1phv.fd
File: ts1phv.fd 2001/06/04 scalable font definitions for TS1/phv.
)
LaTeX Font Info:    Font shape `TS1/phv/m/n' will be
(Font)              scaled to size 8.99994pt on input line 205.
 [1] [2] [3] [4] [5] [6

]
Package hyperref Info: Option `pageanchor' set `true' on input line 208.
 (./md_README.tex
Chapter 1.
LaTeX Font Info:    Font shape `T1/phv/m/n' will be
(Font)              scaled to size 18.66588pt on input line 1.
LaTeX Font Info:    Font shape `T1/phv/b/n' will be
(Font)              scaled to size 18.66588pt on input line 1.
LaTeX Font Info:    Font shape `T1/phv/b/n' will be
(Font)              scaled to size 22.39185pt on input line 1.
LaTeX Font Info:    Font shape `T1/phv/b/n' will be
(Font)              scaled to size 12.9599pt on input line 5.
LaTeX Font Info:    Font shape `TS1/phv/b/n' will be
(Font)              scaled to size 12.9599pt on input line 5.
LaTeX Font Info:    Trying to load font information for T1+pcr on input line 16.
(/usr/share/texlive/texmf-dist/tex/latex/psnfss/t1pcr.fd
File: t1pcr.fd 2001/06/04 font definitions for T1/pcr.
) [1

]) (./todo.tex [2]
Chapter 2.
) [3

] [4

]
Chapter 3.
(./hierarchy.tex) [5] [6

]
Chapter 4.
(./annotated.tex) [7] [8

]
Chapter 5.
(./files.tex) [9] [10

]
Chapter 6.
(./structShaderProgram_1_1__passKey__t.tex) (./classApp.tex [11]
LaTeX Font Info:    Font shape `T1/phv/b/n' will be
(Font)              scaled to size 10.79993pt on input line 92.
LaTeX Font Info:    Font shape `T1/phv/m/n' will be
(Font)              scaled to size 7.19995pt on input line 97.
LaTeX Font Info:    Font shape `T1/pcr/m/it' in size <8> not available
(Font)              Font shape `T1/pcr/m/sl' tried instead on input line 97.
LaTeX Font Info:    Font shape `T1/pcr/m/it' in size <7> not available
(Font)              Font shape `T1/pcr/m/sl' tried instead on input line 97.
 [12]
Underfull \hbox (badness 10000) detected at line 158
[][][]
 []


Underfull \hbox (badness 10000) detected at line 179
[][][]
 []

[13]
Underfull \hbox (badness 10000) detected at line 188
[][][]
 []


Underfull \hbox (badness 10000) detected at line 197
[][][]
 []


Underfull \hbox (badness 10000) detected at line 206
[][][]
 []

[14]) (./structError.tex [15]
Underfull \hbox (badness 10000) detected at line 48
[][][]
 []

) (./structgladGLversionStruct.tex) (./classGraphicsController.tex
Underfull \hbox (badness 10000) in paragraph at lines 35--36
|  \T1/pcr/m/n/8 const std[]::function$\OML/cmm/m/it/8 <$ \T1/pcr/m/n/8 void(GLuint, GLsizei, GLsizei $\OMS/cmsy/m/n/8 ^^C$\T1/pcr/m/n/8 , GLchar $\OMS/cmsy/m/n/8 ^^C$\T1/pcr/m/n/8 )$\OML/cmm/m/it/8 >$ \T1/pcr/m/n/8 & \T1/pcr/m/sl/8 get[]Info[]Log \T1/pcr/m/n/8 )
 []

[16]
Underfull \hbox (badness 10000) detected at line 50
[][][]
 []

[17]
Underfull \hbox (badness 10000) detected at line 92
[][][]
 []


Underfull \hbox (badness 10000) in paragraph at lines 102--103
\T1/pcr/m/n/8 std[]::unordered[]_[]map$\OML/cmm/m/it/8 <$ \T1/pcr/m/n/8 std[]::string, std[]::unique[]_[]ptr$\OML/cmm/m/it/8 <$ [] $>$ $>$ \T1/pcr/m/n/8 Graphics[]Controller[]::s[]_[]
 []

) (./classIntroState.tex <./classIntroState.pdf>
<classIntroState.pdf, id=1221, 501.875pt x 550.00482pt>
File: classIntroState.pdf Graphic file (type pdf)
<use classIntroState.pdf>
Package pdftex.def Info: classIntroState.pdf  used on input line 6.
(pdftex.def)             Requested size: 51.92114pt x 56.9055pt.
 [18] [19]) (./classIRender.tex <./classIRender.pdf>
<classIRender.pdf, id=1274, 501.875pt x 729.99728pt>
File: classIRender.pdf Graphic file (type pdf)
<use classIRender.pdf>
Package pdftex.def Info: classIRender.pdf  used on input line 6.
(pdftex.def)             Requested size: 78.24164pt x 113.81102pt.
 [20]) (./classIState.tex <./classIState.pdf>
<classIState.pdf, id=1295, 501.875pt x 147.06946pt>
File: classIState.pdf Graphic file (type pdf)
<use classIState.pdf>
Package pdftex.def Info: classIState.pdf  used on input line 6.
(pdftex.def)             Requested size: 194.1912pt x 56.9055pt.
 [21]) (./classMenuState.tex <./classMenuState.pdf>
<classMenuState.pdf, id=1329, 501.875pt x 501.875pt>
File: classMenuState.pdf Graphic file (type pdf)
<use classMenuState.pdf>
Package pdftex.def Info: classMenuState.pdf  used on input line 6.
(pdftex.def)             Requested size: 56.89883pt x 56.9055pt.
 [22] [23]) (./classMissionState.tex <./classMissionState.pdf>
<classMissionState.pdf, id=1405, 501.875pt x 441.20834pt>
File: classMissionState.pdf Graphic file (type pdf)
<use classMissionState.pdf>
Package pdftex.def Info: classMissionState.pdf  used on input line 6.
(pdftex.def)             Requested size: 64.7253pt x 56.9055pt.
 [24]) (./classRect2D.tex <./classRect2D.pdf>
<classRect2D.pdf, id=1426, 501.875pt x 729.99728pt>
File: classRect2D.pdf Graphic file (type pdf)
<use classRect2D.pdf>
Package pdftex.def Info: classRect2D.pdf  used on input line 6.
(pdftex.def)             Requested size: 78.24164pt x 113.81102pt.
 [25] [26] [27]
Underfull \hbox (badness 10000) detected at line 136
[][][]
 []


Underfull \hbox (badness 10000) detected at line 147
[][][]
 []


Underfull \hbox (badness 10000) detected at line 158
[][][]
 []


Underfull \hbox (badness 10000) detected at line 169
[][][]
 []


Underfull \hbox (badness 10000) detected at line 180
[][][]
 []

[28] [29]
Underfull \hbox (badness 10000) detected at line 262
[][][]
 []

) (./classSDLToX11Keymap.tex [30]
Underfull \hbox (badness 10000) detected at line 41
[][][]
 []

) (./classShaderProgram.tex [31]
Underfull \hbox (badness 10000) detected at line 64
[][][]
 []

) (./classShaderProgramBuilder.tex [32]
Underfull \hbox (badness 10000) in paragraph at lines 39--40
\T1/pcr/m/n/8 std[]::variant$\OML/cmm/m/it/8 <$ []\T1/pcr/m/n/8 , std[]::unique[]_[]ptr$\OML/cmm/m/it/8 <$ [] $>$ $>$ \T1/pcr/m/n/8 Shader[]Program[]Builder[]::[]Generate[]
 []


Underfull \hbox (badness 10000) detected at line 43
[][][]
 []

[33]
Underfull \hbox (badness 10000) detected at line 65
[][][]
 []


Underfull \hbox (badness 10000) detected at line 83
[][][]
 []

) (./structIntroState_1_1Slide.tex) (./classTexturedRect2D.tex <./classTexturedRect2D.pdf>
<classTexturedRect2D.pdf, id=1597, 501.875pt x 729.99728pt>
File: classTexturedRect2D.pdf Graphic file (type pdf)
<use classTexturedRect2D.pdf>
Package pdftex.def Info: classTexturedRect2D.pdf  used on input line 6.
(pdftex.def)             Requested size: 78.24164pt x 113.81102pt.
 [34] [35] [36] [37]) (./classVimEmulator.tex <./classVimEmulator.pdf>
<classVimEmulator.pdf, id=1685, 501.875pt x 729.99728pt>
File: classVimEmulator.pdf Graphic file (type pdf)
<use classVimEmulator.pdf>
Package pdftex.def Info: classVimEmulator.pdf  used on input line 6.
(pdftex.def)             Requested size: 78.24164pt x 113.81102pt.
 [38]
LaTeX Font Info:    Font shape `T1/phv/m/n' will be
(Font)              scaled to size 8.09995pt on input line 27.
LaTeX Font Info:    Font shape `T1/phv/m/it' in size <9> not available
(Font)              Font shape `T1/phv/m/sl' tried instead on input line 27.
LaTeX Font Info:    Font shape `T1/phv/m/sl' will be
(Font)              scaled to size 8.09995pt on input line 27.
 [39] [40]
Underfull \hbox (badness 10000) detected at line 230
[][][]
 []

[41]
Underfull \hbox (badness 10000) detected at line 243
[][][]
 []


Underfull \hbox (badness 10000) detected at line 263
[][][]
 []

[42]
Overfull \vbox (14.25064pt too high) has occurred while \output is active []

 [43]) [44]
Chapter 7.
(./App_8hpp_source.tex [45

]) (./constants_8hpp_source.tex) (./Error_8hpp_source.tex) (./glad_8h_source.tex [46] [47] [48] [49] [50] [51] [52]
Overfull \hbox (175.50781pt too wide) in paragraph at lines 639--639
\T1/pcr/m/n/7 --extensions="GL_3DFX_multisample,GL_3DFX_tbuffer,GL_3DFX_texture_compression_FXT1,GL_AMD_blend_minmax_factor,GL_AMD_conservative_depth,GL_AMD_debug_output,GL_AMD_depth_clamp_separate,GL_AMD_draw_buffers_blend,GL_AMD_framebuffer_multisample_advanced,GL_AMD_framebuffer_sample_positions,GL_AMD_gcn_shader,GL_AMD_gpu_shader_half_float,GL_AMD_gpu_shader_int16,GL_AMD_gpu_shader_int64,GL_AMD_interleaved_elements,GL_AMD_multi_draw_indirect,GL_AMD_name_gen_delete,GL_AMD_occlusion_query_event,GL_AMD_performance_monitor,GL_AMD_pinned_memory,GL_AMD_query_buffer_object,GL_AMD_sample_positions,GL_AMD_seamless_cubemap_per_texture,GL_AMD_shader_atomic_counter_ops,GL_AMD_shader_ballot,GL_AMD_shader_explicit_vertex_parameter,GL_AMD_shader_gpu_shader_half_float_fetch,GL_AMD_shader_image_load_store_lod,GL_AMD_shader_stencil_export,GL_AMD_shader_trinary_minmax,GL_AMD_sparse_texture,GL_AMD_stencil_operation_extended,GL_AMD_texture_gather_bias_lod,GL_AMD_texture_texture4,GL_AMD_transform_feedback3_lines_triangles,GL_AMD_transform_feedback4,GL_AMD_vertex_shader_layer,GL_AMD_vertex_shader_tessellator,GL_AMD_vertex_shader_viewport_index,GL_APPLE_aux_depth_stencil,GL_APPLE_client_storage,GL_APPLE_element_array,GL_APPLE_fence,GL_APPLE_float_pixels,GL_APPLE_flush_buffer_range,GL_APPLE_object_purgeable,GL_APPLE_rgb_422,GL_APPLE_row_bytes,GL_APPLE_specular_vector,GL_APPLE_texture_range,GL_APPLE_transform_hint,GL_APPLE_vertex_array_object,GL_APPLE_vertex_array_range,GL_APPLE_vertex_program_evaluators,GL_APPLE_ycbcr_422,GL_ARB_ES2_compatibility,GL_ARB_ES3_1_compatibility,GL_ARB_ES3_2_compatibility,GL_ARB_ES3_compatibility,GL_ARB_arrays_of_arrays,GL_ARB_base_instance,GL_ARB_bindless_texture,GL_ARB_blend_func_extended,GL_ARB_buffer_storage,GL_ARB_cl_event,GL_ARB_clear_buffer_object,GL_ARB_clear_texture,GL_ARB_clip_control,GL_ARB_color_buffer_float,GL_ARB_compatibility,GL_ARB_compressed_texture_pixel_storage,GL_ARB_compute_shader,GL_ARB_compute_variable_group_size,GL_ARB_conditional_rend
er_inverted,GL_ARB_conservative_depth,GL_ARB_copy_buffer,GL_ARB_copy_image,GL_ARB_cull_distance,GL_ARB_debug_output,GL_ARB_depth_buffer_float,GL_ARB_depth_clamp,GL_ARB_depth_texture,GL_ARB_derivative_control,GL_ARB_direct_state_access,GL_ARB_draw_buffers,GL_ARB_draw_buffers_blend,GL_ARB_draw_elements_base_vertex,GL_ARB_draw_indirect,GL_ARB_draw_instanced,GL_ARB_enhanced_layouts,GL_ARB_explicit_attrib_location,GL_ARB_explicit_uniform_location,GL_ARB_fragment_coord_conventions,GL_ARB_fragment_layer_viewport,GL_ARB_fragment_program,GL_ARB_fragment_program_shadow,GL_ARB_fragment_shader,GL_ARB_fragment_shader_interlock,GL_ARB_framebuffer_no_attachments,GL_ARB_framebuffer_object,GL_ARB_framebuffer_sRGB,GL_ARB_geometry_shader4,GL_ARB_get_program_binary,GL_ARB_get_texture_sub_image,GL_ARB_gl_spirv,GL_ARB_gpu_shader5,GL_ARB_gpu_shader_fp64,GL_ARB_gpu_shader_int64,GL_ARB_half_float_pixel,GL_ARB_half_float_vertex,GL_ARB_imaging,GL_ARB_indirect_parameters,GL_ARB_instanced_arrays,GL_ARB_internalformat_query,GL_ARB_internalformat_query2,GL_ARB_invalidate_subdata,GL_ARB_map_buffer_alignment,GL_ARB_map_buffer_range,GL_ARB_matrix_palette,GL_ARB_multi_bind,GL_ARB_multi_draw_indirect,GL_ARB_multisample,GL_ARB_multitexture,GL_ARB_occlusion_query,GL_ARB_occlusion_query2,GL_ARB_parallel_shader_compile,GL_ARB_pipeline_statistics_query,GL_ARB_pixel_buffer_object,GL_ARB_point_parameters,GL_ARB_point_sprite,GL_ARB_polygon_offset_clamp,GL_ARB_post_depth_coverage,GL_ARB_program_interface_query,GL_ARB_provoking_vertex,GL_ARB_query_buffer_object,GL_ARB_robust_buffer_access_behavior,GL_ARB_robustness,GL_ARB_robustness_isolation,GL_ARB_sample_locations,GL_ARB_sample_shading,GL_ARB_sampler_objects,GL_ARB_seamless_cube_map,GL_ARB_seamless_cubemap_per_texture,GL_ARB_separate_shader_objects,GL_ARB_shader_atomic_counter_ops,GL_ARB_shader_atomic_counters,GL_ARB_shader_ballot,GL_ARB_shader_bit_encoding,GL_ARB_shader_clock,GL_ARB_shader_draw_parameters,GL_ARB_shader_group_vote,GL_ARB_shader_image_load_sto
re,GL_ARB_shader_image_size,GL_ARB_shader_objects,GL_ARB_shader_precision,GL_ARB_shader_stencil_export,GL_ARB_shader_storage_buffer_object,GL_ARB_shader_subroutine,GL_ARB_shader_texture_image_samples,GL_ARB_shader_texture_lod,GL_ARB_shader_viewport_layer_array,GL_ARB_shading_language_100,GL_ARB_shading_language_420pack,GL_ARB_shading_language_include,GL_ARB_shading_language_packing,GL_ARB_shadow,GL_ARB_shadow_ambient,GL_ARB_sparse_buffer,GL_ARB_sparse_texture,GL_ARB_sparse_texture2,GL_ARB_sparse_texture_clamp,GL_ARB_spirv_extensions,GL_ARB_stencil_texturing,GL_ARB_sync,GL_ARB_tessellation_shader,GL_ARB_texture_barrier,GL_ARB_texture_border_clamp,GL_ARB_texture_buffer_object,GL_ARB_texture_buffer_object_rgb32,GL_ARB_texture_buffer_range,GL_ARB_texture_compression,GL_ARB_texture_compression_bptc,GL_ARB_texture_compression_rgtc,GL_ARB_texture_cube_map,GL_ARB_texture_cube_map_array,GL_ARB_texture_env_add,GL_ARB_texture_env_combine,GL_ARB_texture_env_crossbar,GL_ARB_texture_env_dot3,GL_ARB_texture_filter_anisotropic,GL_ARB_texture_filter_minmax,GL_ARB_texture_float,GL_ARB_texture_gather,GL_ARB_texture_mirror_clamp_to_edge,GL_ARB_texture_mirrored_repeat,GL_ARB_texture_multisample,GL_ARB_texture_non_power_of_two,GL_ARB_texture_query_levels,GL_ARB_texture_query_lod,GL_ARB_texture_rectangle,GL_ARB_texture_rg,GL_ARB_texture_rgb10_a2ui,GL_ARB_texture_stencil8,GL_ARB_texture_storage,GL_ARB_texture_storage_multisample,GL_ARB_texture_swizzle,GL_ARB_texture_view,GL_ARB_timer_query,GL_ARB_transform_feedback2,GL_ARB_transform_feedback3,GL_ARB_transform_feedback_instanced,GL_ARB_transform_feedback_overflow_query,GL_ARB_transpose_matrix,GL_ARB_uniform_buffer_object,GL_ARB_vertex_array_bgra,GL_ARB_vertex_array_object,GL_ARB_vertex_attrib_64bit,GL_ARB_vertex_attrib_binding,GL_ARB_vertex_blend,GL_ARB_vertex_buffer_object,GL_ARB_vertex_program,GL_ARB_vertex_shader,GL_ARB_vertex_type_10f_11f_11f_rev,GL_ARB_vertex_type_2_10_10_10_rev,GL_ARB_viewport_array,GL_ARB_window_pos,GL_ATI_draw_buffe
rs,GL_ATI_element_array,GL_ATI_envmap_bumpmap,GL_ATI_fragment_shader,GL_ATI_map_object_buffer,GL_ATI_meminfo,GL_ATI_pixel_format_float,GL_ATI_pn_triangles,GL_ATI_separate_stencil,GL_ATI_text_fragment_shader,GL_ATI_texture_env_combine3,GL_ATI_texture_float,GL_ATI_texture_mirror_once,GL_ATI_vertex_array_object,GL_ATI_vertex_attrib_array_object,GL_ATI_vertex_streams,GL_EXT_422_pixels,GL_EXT_EGL_image_storage,GL_EXT_EGL_sync,GL_EXT_abgr,GL_EXT_bgra,GL_EXT_bindable_uniform,GL_EXT_blend_color,GL_EXT_blend_equation_separate,GL_EXT_blend_func_separate,GL_EXT_blend_logic_op,GL_EXT_blend_minmax,GL_EXT_blend_subtract,GL_EXT_clip_volume_hint,GL_EXT_cmyka,GL_EXT_color_subtable,GL_EXT_compiled_vertex_array,GL_EXT_convolution,GL_EXT_coordinate_frame,GL_EXT_copy_texture,GL_EXT_cull_vertex,GL_EXT_debug_label,GL_EXT_debug_marker,GL_EXT_depth_bounds_test,GL_EXT_direct_state_access,GL_EXT_draw_buffers2,GL_EXT_draw_instanced,GL_EXT_draw_range_elements,GL_EXT_external_buffer,GL_EXT_fog_coord,GL_EXT_framebuffer_blit,GL_EXT_framebuffer_blit_layers,GL_EXT_framebuffer_multisample,GL_EXT_framebuffer_multisample_blit_scaled,GL_EXT_framebuffer_object,GL_EXT_framebuffer_sRGB,GL_EXT_geometry_shader4,GL_EXT_gpu_program_parameters,GL_EXT_gpu_shader4,GL_EXT_histogram,GL_EXT_index_array_formats,GL_EXT_index_func,GL_EXT_index_material,GL_EXT_index_texture,GL_EXT_light_texture,GL_EXT_memory_object,GL_EXT_memory_object_fd,GL_EXT_memory_object_win32,GL_EXT_misc_attribute,GL_EXT_multi_draw_arrays,GL_EXT_multisample,GL_EXT_multiview_tessellation_geometry_shader,GL_EXT_multiview_texture_multisample,GL_EXT_multiview_timer_query,GL_EXT_packed_depth_stencil,GL_EXT_packed_float,GL_EXT_packed_pixels,GL_EXT_paletted_texture,GL_EXT_pixel_buffer_object,GL_EXT_pixel_transform,GL_EXT_pixel_transform_color_table,GL_EXT_point_parameters,GL_EXT_polygon_offset,GL_EXT_polygon_offset_clamp,GL_EXT_post_depth_coverage,GL_EXT_provoking_vertex,GL_EXT_raster_multisample,GL_EXT_rescale_normal,GL_EXT_secondary_color,GL_EXT_semaph
ore,GL_EXT_semaphore_fd,GL_EXT_semaphore_win32,GL_EXT_separate_shader_objects,GL_EXT_separate_specular_color,GL_EXT_shader_framebuffer_fetch,GL_EXT_shader_framebuffer_fetch_non_coherent,GL_EXT_shader_image_load_formatted,GL_EXT_shader_image_load_store,GL_EXT_shader_integer_mix,GL_EXT_shader_samples_identical,GL_EXT_shadow_funcs,GL_EXT_shared_texture_palette,GL_EXT_sparse_texture2,GL_EXT_stencil_clear_tag,GL_EXT_stencil_two_side,GL_EXT_stencil_wrap,GL_EXT_subtexture,GL_EXT_texture,GL_EXT_texture3D,GL_EXT_texture_array,GL_EXT_texture_buffer_object,GL_EXT_texture_compression_latc,GL_EXT_texture_compression_rgtc,GL_EXT_texture_compression_s3tc,GL_EXT_texture_cube_map,GL_EXT_texture_env_add,GL_EXT_texture_env_combine,GL_EXT_texture_env_dot3,GL_EXT_texture_filter_anisotropic,GL_EXT_texture_filter_minmax,GL_EXT_texture_integer,GL_EXT_texture_lod_bias,GL_EXT_texture_mirror_clamp,GL_EXT_texture_object,GL_EXT_texture_perturb_normal,GL_EXT_texture_sRGB,GL_EXT_texture_sRGB_R8,GL_EXT_texture_sRGB_RG8,GL_EXT_texture_sRGB_decode,GL_EXT_texture_shadow_lod,GL_EXT_texture_shared_exponent,GL_EXT_texture_snorm,GL_EXT_texture_storage,GL_EXT_texture_swizzle,GL_EXT_timer_query,GL_EXT_transform_feedback,GL_EXT_vertex_array,GL_EXT_vertex_array_bgra,GL_EXT_vertex_attrib_64bit,GL_EXT_vertex_shader,GL_EXT_vertex_weighting,GL_EXT_win32_keyed_mutex,GL_EXT_window_rectangles,GL_EXT_x11_sync_object,GL_GREMEDY_frame_terminator,GL_GREMEDY_string_marker,GL_HP_convolution_border_modes,GL_HP_image_transform,GL_HP_occlusion_test,GL_HP_texture_lighting,GL_IBM_cull_vertex,GL_IBM_multimode_draw_arrays,GL_IBM_rasterpos_clip,GL_IBM_static_data,GL_IBM_texture_mirrored_repeat,GL_IBM_vertex_array_lists,GL_INGR_blend_func_separate,GL_INGR_color_clamp,GL_INGR_interlace_read,GL_INTEL_blackhole_render,GL_INTEL_conservative_rasterization,GL_INTEL_fragment_shader_ordering,GL_INTEL_framebuffer_CMAA,GL_INTEL_map_texture,GL_INTEL_parallel_arrays,GL_INTEL_performance_query,GL_KHR_blend_equation_advanced,GL_KHR_blend_equat
ion_advanced_coherent,GL_KHR_context_flush_control,GL_KHR_debug,GL_KHR_no_error,GL_KHR_parallel_shader_compile,GL_KHR_robust_buffer_access_behavior,GL_KHR_robustness,GL_KHR_shader_subgroup,GL_KHR_texture_compression_astc_hdr,GL_KHR_texture_compression_astc_ldr,GL_KHR_texture_compression_astc_sliced_3d,GL_MESAX_texture_stack,GL_MESA_framebuffer_flip_x,GL_MESA_framebuffer_flip_y,GL_MESA_framebuffer_swap_xy,GL_MESA_pack_invert,GL_MESA_program_binary_formats,GL_MESA_resize_buffers,GL_MESA_shader_integer_functions,GL_MESA_tile_raster_order,GL_MESA_window_pos,GL_MESA_ycbcr_texture,GL_NVX_blend_equation_advanced_multi_draw_buffers,GL_NVX_conditional_render,GL_NVX_gpu_memory_info,GL_NVX_gpu_multicast2,GL_NVX_linked_gpu_multicast,GL_NVX_progress_fence,GL_NV_alpha_to_coverage_dither_control,GL_NV_bindless_multi_draw_indirect,GL_NV_bindless_multi_draw_indirect_count,GL_NV_bindless_texture,GL_NV_blend_equation_advanced,GL_NV_blend_equation_advanced_coherent,GL_NV_blend_minmax_factor,GL_NV_blend_square,GL_NV_clip_space_w_scaling,GL_NV_command_list,GL_NV_compute_program5,GL_NV_compute_shader_derivatives,GL_NV_conditional_render,GL_NV_conservative_raster,GL_NV_conservative_raster_dilate,GL_NV_conservative_raster_pre_snap,GL_NV_conservative_raster_pre_snap_triangles,GL_NV_conservative_raster_underestimation,GL_NV_copy_depth_to_color,GL_NV_copy_image,GL_NV_deep_texture3D,GL_NV_depth_buffer_float,GL_NV_depth_clamp,GL_NV_draw_texture,GL_NV_draw_vulkan_image,GL_NV_evaluators,GL_NV_explicit_multisample,GL_NV_fence,GL_NV_fill_rectangle,GL_NV_float_buffer,GL_NV_fog_distance,GL_NV_fragment_coverage_to_color,GL_NV_fragment_program,GL_NV_fragment_program2,GL_NV_fragment_program4,GL_NV_fragment_program_option,GL_NV_fragment_shader_barycentric,GL_NV_fragment_shader_interlock,GL_NV_framebuffer_mixed_samples,GL_NV_framebuffer_multisample_coverage,GL_NV_geometry_program4,GL_NV_geometry_shader4,GL_NV_geometry_shader_passthrough,GL_NV_gpu_multicast,GL_NV_gpu_program4,GL_NV_gpu_program5,GL_NV_gpu_pr
ogram5_mem_extended,GL_NV_gpu_shader5,GL_NV_half_float,GL_NV_internalformat_sample_query,GL_NV_light_max_exponent,GL_NV_memory_attachment,GL_NV_memory_object_sparse,GL_NV_mesh_shader,GL_NV_multisample_coverage,GL_NV_multisample_filter_hint,GL_NV_occlusion_query,GL_NV_packed_depth_stencil,GL_NV_parameter_buffer_object,GL_NV_parameter_buffer_object2,GL_NV_path_rendering,GL_NV_path_rendering_shared_edge,GL_NV_pixel_data_range,GL_NV_point_sprite,GL_NV_present_video,GL_NV_primitive_restart,GL_NV_primitive_shading_rate,GL_NV_query_resource,GL_NV_query_resource_tag,GL_NV_register_combiners,GL_NV_register_combiners2,GL_NV_representative_fragment_test,GL_NV_robustness_video_memory_purge,GL_NV_sample_locations,GL_NV_sample_mask_override_coverage,GL_NV_scissor_exclusive,GL_NV_shader_atomic_counters,GL_NV_shader_atomic_float,GL_NV_shader_atomic_float64,GL_NV_shader_atomic_fp16_vector,GL_NV_shader_atomic_int64,GL_NV_shader_buffer_load,GL_NV_shader_buffer_store,GL_NV_shader_storage_buffer_object,GL_NV_shader_subgroup_partitioned,GL_NV_shader_texture_footprint,GL_NV_shader_thread_group,GL_NV_shader_thread_shuffle,GL_NV_shading_rate_image,GL_NV_stereo_view_rendering,GL_NV_tessellation_program5,GL_NV_texgen_emboss,GL_NV_texgen_reflection,GL_NV_texture_barrier,GL_NV_texture_compression_vtc,GL_NV_texture_env_combine4,GL_NV_texture_expand_normal,GL_NV_texture_multisample,GL_NV_texture_rectangle,GL_NV_texture_rectangle_compressed,GL_NV_texture_shader,GL_NV_texture_shader2,GL_NV_texture_shader3,GL_NV_timeline_semaphore,GL_NV_transform_feedback,GL_NV_transform_feedback2,GL_NV_uniform_buffer_std430_layout,GL_NV_uniform_buffer_unified_memory,GL_NV_vdpau_interop,GL_NV_vdpau_interop2,GL_NV_vertex_array_range,GL_NV_vertex_array_range2,GL_NV_vertex_attrib_integer_64bit,GL_NV_vertex_buffer_unified_memory,GL_NV_vertex_program,GL_NV_vertex_program1_1,GL_NV_vertex_program2,GL_NV_vertex_program2_option,GL_NV_vertex_program3,GL_NV_vertex_program4,GL_NV_video_capture,GL_NV_viewport_array2,GL_NV_viewpo
rt_swizzle,GL_OES_byte_coordinates,GL_OES_compressed_paletted_texture,GL_OES_fixed_point,GL_OES_query_matrix,GL_OES_read_format,GL_OES_single_precision,GL_OML_interlace,GL_OML_resample,GL_OML_subsample,GL_OVR_multiview,GL_OVR_multiview2,GL_PGI_misc_hints,GL_PGI_vertex_hints,GL_REND_screen_coordinates,GL_S3_s3tc,GL_SGIS_detail_texture,GL_SGIS_fog_function,GL_SGIS_generate_mipmap,GL_SGIS_multisample,GL_SGIS_pixel_texture,GL_SGIS_point_line_texgen,GL_SGIS_point_parameters,GL_SGIS_sharpen_texture,GL_SGIS_texture4D,GL_SGIS_texture_border_clamp,GL_SGIS_texture_color_mask,GL_SGIS_texture_edge_clamp,GL_SGIS_texture_filter4,GL_SGIS_texture_lod,GL_SGIS_texture_select,GL_SGIX_async,GL_SGIX_async_histogram,GL_SGIX_async_pixel,GL_SGIX_blend_alpha_minmax,GL_SGIX_calligraphic_fragment,GL_SGIX_clipmap,GL_SGIX_convolution_accuracy,GL_SGIX_depth_pass_instrument,GL_SGIX_depth_texture,GL_SGIX_flush_raster,GL_SGIX_fog_offset,GL_SGIX_fragment_lighting,GL_SGIX_framezoom,GL_SGIX_igloo_interface,GL_SGIX_instruments,GL_SGIX_interlace,GL_SGIX_ir_instrument1,GL_SGIX_list_priority,GL_SGIX_pixel_texture,GL_SGIX_pixel_tiles,GL_SGIX_polynomial_ffd,GL_SGIX_reference_plane,GL_SGIX_resample,GL_SGIX_scalebias_hint,GL_SGIX_shadow,GL_SGIX_shadow_ambient,GL_SGIX_sprite,GL_SGIX_subsample,GL_SGIX_tag_sample_buffer,GL_SGIX_texture_add_env,GL_SGIX_texture_coordinate_clamp,GL_SGIX_texture_lod_bias,GL_SGIX_texture_multi_buffer,GL_SGIX_texture_scale_bias,GL_SGIX_vertex_preclip,GL_SGIX_ycrcb,GL_SGIX_ycrcb_subsample,GL_SGIX_ycrcba,GL_SGI_color_matrix,GL_SGI_color_table,GL_SGI_texture_color_table,GL_SUNX_constant_data,GL_SUN_convolution_border_modes,GL_SUN_global_alpha,GL_SUN_mesh_array,GL_SUN_slice_accum,GL_SUN_triangle_list,GL_SUN_vertex,GL_WIN_phong_shading,GL_WIN_specular_fog"[]  
 []

[53] [54] [55] [56] [57] [58] [59] [60] [61] [62] [63] [64] [65] [66] [67] [68] [69] [70] [71] [72] [73] [74] [75] [76] [77] [78] [79] [80] [81] [82] [83] [84] [85] [86] [87] [88] [89] [90] [91] [92] [93] [94] [95] [96] [97] [98] [99] [100] [101] [102] [103] [104] [105] [106] [107] [108] [109] [110] [111] [112] [113] [114] [115] [116] [117] [118] [119] [120] [121] [122] [123] [124] [125] [126] [127] [128] [129] [130] [131] [132] [133] [134] [135] [136] [137] [138] [139] [140] [141] [142] [143] [144] [145] [146] [147] [148] [149] [150] [151] [152] [153] [154] [155] [156] [157] [158] [159] [160] [161] [162] [163] [164] [165] [166] [167] [168] [169] [170] [171] [172] [173] [174] [175] [176] [177] [178] [179] [180] [181] [182] [183] [184] [185] [186] [187] [188] [189] [190] [191] [192] [193] [194] [195] [196] [197] [198] [199] [200] [201] [202] [203] [204] [205] [206] [207] [208] [209] [210] [211] [212] [213] [214] [215] [216] [217] [218] [219] [220] [221] [222] [223] [224] [225] [226] [227] [228] [229] [230] [231] [232] [233] [234] [235] [236] [237] [238] [239] [240] [241] [242]) (./GraphicsController_8hpp_source.tex [243]) (./IntroState_8hpp_source.tex) (./IRender_8hpp_source.tex [244]) (./IState_8hpp_source.tex) (./khrplatform_8h_source.tex [245] [246] [247] [248]) (./MenuState_8hpp_source.tex) (./MissionState_8hpp_source.tex [249]) (./Rect2D_8hpp_source.tex) (./SDLToX11Keymap_8hpp_source.tex [250]) (./ShaderProgram_8hpp_source.tex) (./ShaderProgramBuilder_8hpp_source.tex) (./TexturedRect2D_8hpp_source.tex [251]) (./VimEmulator_8hpp_source.tex [252]) [253] [254

] (./refman.ind
LaTeX Font Info:    Font shape `T1/phv/m/n' will be
(Font)              scaled to size 22.39185pt on input line 1.
 [255


] [256] [257])
Package atveryend Info: Empty hook `BeforeClearDocument' on input line 263.
Package atveryend Info: Empty hook `AfterLastShipout' on input line 263.
 (./refman.aux)
Package atveryend Info: Executing hook `AtVeryEndDocument' on input line 263.
Package atveryend Info: Executing hook `AtEndAfterFileList' on input line 263.
Package rerunfilecheck Info: File `refman.out' has not changed.
(rerunfilecheck)             Checksum: 30AEFFE44817D06F178098039326DF5A;33980.
 ) 
Here is how much of TeX's memory you used:
 18414 strings out of 481239
 284332 string characters out of 5920377
 643543 words of memory out of 5000000
 32513 multiletter control sequences out of 15000+600000
 586994 words of font info for 92 fonts, out of 8000000 for 9000
 1141 hyphenation exceptions out of 8191
 55i,16n,96p,18137b,637s stack positions out of 5000i,500n,10000p,200000b,80000s
{/usr/share/texlive/texmf-dist/fonts/enc/dvips/base/8r.enc}</usr/share/texlive/texmf-dist/fonts/type1/public/amsfonts/cm/cmmi10.pfb></usr/share/texlive/texmf-dist/fonts/type1/public/amsfonts/cm/cmmi7.pfb></usr/share/texlive/texmf-dist/fonts/type1/public/amsfonts/cm/cmmi8.pfb></usr/share/texlive/texmf-dist/fonts/type1/public/amsfonts/cm/cmsy10.pfb></usr/share/texlive/texmf-dist/fonts/type1/public/amsfonts/cm/cmsy7.pfb></usr/share/texlive/texmf-dist/fonts/type1/public/amsfonts/cm/cmsy8.pfb></usr/share/texlive/texmf-dist/fonts/type1/urw/courier/ucrr8a.pfb></usr/share/texlive/texmf-dist/fonts/type1/urw/courier/ucrro8a.pfb></usr/share/texlive/texmf-dist/fonts/type1/urw/helvetic/uhvb8a.pfb></usr/share/texlive/texmf-dist/fonts/type1/urw/helvetic/uhvb8ac.pfb></usr/share/texlive/texmf-dist/fonts/type1/urw/helvetic/uhvr8a.pfb></usr/share/texlive/texmf-dist/fonts/type1/urw/helvetic/uhvro8a.pfb>
Output written on refman.pdf (265 pages, 629493 bytes).
PDF statistics:
 3275 PDF objects out of 3580 (max. 8388607)
 2943 compressed objects within 30 object streams
 770 named destinations out of 1000 (max. 500000)
 1417 words of extra memory for PDF output out of 10000 (max. 10000000)

